2021-07-12T18:52:32 | INFO | mmf : Logging to: ./save/train.log
2021-07-12T18:52:32 | INFO | mmf_cli.run : Namespace(config_override=None, local_rank=None, opts=['config=projects/hateful_memes/configs/mmbt/defaults.yaml', 'model=mmbt', 'dataset=hateful_memes', 'run_type=train_val', 'training.max_updates=200'])
2021-07-12T18:52:32 | INFO | mmf_cli.run : Torch version: 1.9.0+cu102
2021-07-12T18:52:32 | INFO | mmf.utils.general : CUDA Device 0 is: Quadro RTX 6000
2021-07-12T18:52:32 | INFO | mmf_cli.run : Using seed 32822252
2021-07-12T18:52:32 | INFO | mmf.trainers.mmf_trainer : Loading datasets
2021-07-12T18:52:35 | INFO | mmf.datasets.multi_datamodule : Multitasking disabled by default for single dataset training
2021-07-12T18:52:35 | INFO | mmf.datasets.multi_datamodule : Multitasking disabled by default for single dataset training
2021-07-12T18:52:35 | INFO | mmf.datasets.multi_datamodule : Multitasking disabled by default for single dataset training
2021-07-12T18:52:35 | INFO | mmf.trainers.mmf_trainer : Loading model
2021-07-12T18:52:44 | INFO | mmf.trainers.mmf_trainer : Loading optimizer
2021-07-12T18:52:44 | INFO | mmf.trainers.mmf_trainer : Loading metrics
2021-07-12T18:52:44 | INFO | mmf.trainers.mmf_trainer : ===== Model =====
2021-07-12T18:52:44 | INFO | mmf.trainers.mmf_trainer : MMBT(
  (model): MMBTForClassification(
    (bert): MMBTBase(
      (mmbt): MMBTModel(
        (transformer): BertModelJit(
          (embeddings): BertEmbeddingsJit(
            (word_embeddings): Embedding(30522, 768, padding_idx=0)
            (position_embeddings): Embedding(512, 768)
            (token_type_embeddings): Embedding(2, 768)
            (LayerNorm): LayerNorm((768,), eps=1e-12, elementwise_affine=True)
            (dropout): Dropout(p=0.1, inplace=False)
          )
          (encoder): BertEncoderJit(
            (layer): ModuleList(
              (0): BertLayerJit(
                (attention): BertAttentionJit(
                  (self): BertSelfAttentionJit(
                    (query): Linear(in_features=768, out_features=768, bias=True)
                    (key): Linear(in_features=768, out_features=768, bias=True)
                    (value): Linear(in_features=768, out_features=768, bias=True)
                    (dropout): Dropout(p=0.1, inplace=False)
                  )
                  (output): BertSelfOutput(
                    (dense): Linear(in_features=768, out_features=768, bias=True)
                    (LayerNorm): LayerNorm((768,), eps=1e-12, elementwise_affine=True)
                    (dropout): Dropout(p=0.1, inplace=False)
                  )
                )
                (intermediate): BertIntermediate(
                  (dense): Linear(in_features=768, out_features=3072, bias=True)
                )
                (output): BertOutput(
                  (dense): Linear(in_features=3072, out_features=768, bias=True)
                  (LayerNorm): LayerNorm((768,), eps=1e-12, elementwise_affine=True)
                  (dropout): Dropout(p=0.1, inplace=False)
                )
              )
              (1): BertLayerJit(
                (attention): BertAttentionJit(
                  (self): BertSelfAttentionJit(
                    (query): Linear(in_features=768, out_features=768, bias=True)
                    (key): Linear(in_features=768, out_features=768, bias=True)
                    (value): Linear(in_features=768, out_features=768, bias=True)
                    (dropout): Dropout(p=0.1, inplace=False)
                  )
                  (output): BertSelfOutput(
                    (dense): Linear(in_features=768, out_features=768, bias=True)
                    (LayerNorm): LayerNorm((768,), eps=1e-12, elementwise_affine=True)
                    (dropout): Dropout(p=0.1, inplace=False)
                  )
                )
                (intermediate): BertIntermediate(
                  (dense): Linear(in_features=768, out_features=3072, bias=True)
                )
                (output): BertOutput(
                  (dense): Linear(in_features=3072, out_features=768, bias=True)
                  (LayerNorm): LayerNorm((768,), eps=1e-12, elementwise_affine=True)
                  (dropout): Dropout(p=0.1, inplace=False)
                )
              )
              (2): BertLayerJit(
                (attention): BertAttentionJit(
                  (self): BertSelfAttentionJit(
                    (query): Linear(in_features=768, out_features=768, bias=True)
                    (key): Linear(in_features=768, out_features=768, bias=True)
                    (value): Linear(in_features=768, out_features=768, bias=True)
                    (dropout): Dropout(p=0.1, inplace=False)
                  )
                  (output): BertSelfOutput(
                    (dense): Linear(in_features=768, out_features=768, bias=True)
                    (LayerNorm): LayerNorm((768,), eps=1e-12, elementwise_affine=True)
                    (dropout): Dropout(p=0.1, inplace=False)
                  )
                )
                (intermediate): BertIntermediate(
                  (dense): Linear(in_features=768, out_features=3072, bias=True)
                )
                (output): BertOutput(
                  (dense): Linear(in_features=3072, out_features=768, bias=True)
                  (LayerNorm): LayerNorm((768,), eps=1e-12, elementwise_affine=True)
                  (dropout): Dropout(p=0.1, inplace=False)
                )
              )
              (3): BertLayerJit(
                (attention): BertAttentionJit(
                  (self): BertSelfAttentionJit(
                    (query): Linear(in_features=768, out_features=768, bias=True)
                    (key): Linear(in_features=768, out_features=768, bias=True)
                    (value): Linear(in_features=768, out_features=768, bias=True)
                    (dropout): Dropout(p=0.1, inplace=False)
                  )
                  (output): BertSelfOutput(
                    (dense): Linear(in_features=768, out_features=768, bias=True)
                    (LayerNorm): LayerNorm((768,), eps=1e-12, elementwise_affine=True)
                    (dropout): Dropout(p=0.1, inplace=False)
                  )
                )
                (intermediate): BertIntermediate(
                  (dense): Linear(in_features=768, out_features=3072, bias=True)
                )
                (output): BertOutput(
                  (dense): Linear(in_features=3072, out_features=768, bias=True)
                  (LayerNorm): LayerNorm((768,), eps=1e-12, elementwise_affine=True)
                  (dropout): Dropout(p=0.1, inplace=False)
                )
              )
              (4): BertLayerJit(
                (attention): BertAttentionJit(
                  (self): BertSelfAttentionJit(
                    (query): Linear(in_features=768, out_features=768, bias=True)
                    (key): Linear(in_features=768, out_features=768, bias=True)
                    (value): Linear(in_features=768, out_features=768, bias=True)
                    (dropout): Dropout(p=0.1, inplace=False)
                  )
                  (output): BertSelfOutput(
                    (dense): Linear(in_features=768, out_features=768, bias=True)
                    (LayerNorm): LayerNorm((768,), eps=1e-12, elementwise_affine=True)
                    (dropout): Dropout(p=0.1, inplace=False)
                  )
                )
                (intermediate): BertIntermediate(
                  (dense): Linear(in_features=768, out_features=3072, bias=True)
                )
                (output): BertOutput(
                  (dense): Linear(in_features=3072, out_features=768, bias=True)
                  (LayerNorm): LayerNorm((768,), eps=1e-12, elementwise_affine=True)
                  (dropout): Dropout(p=0.1, inplace=False)
                )
              )
              (5): BertLayerJit(
                (attention): BertAttentionJit(
                  (self): BertSelfAttentionJit(
                    (query): Linear(in_features=768, out_features=768, bias=True)
                    (key): Linear(in_features=768, out_features=768, bias=True)
                    (value): Linear(in_features=768, out_features=768, bias=True)
                    (dropout): Dropout(p=0.1, inplace=False)
                  )
                  (output): BertSelfOutput(
                    (dense): Linear(in_features=768, out_features=768, bias=True)
                    (LayerNorm): LayerNorm((768,), eps=1e-12, elementwise_affine=True)
                    (dropout): Dropout(p=0.1, inplace=False)
                  )
                )
                (intermediate): BertIntermediate(
                  (dense): Linear(in_features=768, out_features=3072, bias=True)
                )
                (output): BertOutput(
                  (dense): Linear(in_features=3072, out_features=768, bias=True)
                  (LayerNorm): LayerNorm((768,), eps=1e-12, elementwise_affine=True)
                  (dropout): Dropout(p=0.1, inplace=False)
                )
              )
              (6): BertLayerJit(
                (attention): BertAttentionJit(
                  (self): BertSelfAttentionJit(
                    (query): Linear(in_features=768, out_features=768, bias=True)
                    (key): Linear(in_features=768, out_features=768, bias=True)
                    (value): Linear(in_features=768, out_features=768, bias=True)
                    (dropout): Dropout(p=0.1, inplace=False)
                  )
                  (output): BertSelfOutput(
                    (dense): Linear(in_features=768, out_features=768, bias=True)
                    (LayerNorm): LayerNorm((768,), eps=1e-12, elementwise_affine=True)
                    (dropout): Dropout(p=0.1, inplace=False)
                  )
                )
                (intermediate): BertIntermediate(
                  (dense): Linear(in_features=768, out_features=3072, bias=True)
                )
                (output): BertOutput(
                  (dense): Linear(in_features=3072, out_features=768, bias=True)
                  (LayerNorm): LayerNorm((768,), eps=1e-12, elementwise_affine=True)
                  (dropout): Dropout(p=0.1, inplace=False)
                )
              )
              (7): BertLayerJit(
                (attention): BertAttentionJit(
                  (self): BertSelfAttentionJit(
                    (query): Linear(in_features=768, out_features=768, bias=True)
                    (key): Linear(in_features=768, out_features=768, bias=True)
                    (value): Linear(in_features=768, out_features=768, bias=True)
                    (dropout): Dropout(p=0.1, inplace=False)
                  )
                  (output): BertSelfOutput(
                    (dense): Linear(in_features=768, out_features=768, bias=True)
                    (LayerNorm): LayerNorm((768,), eps=1e-12, elementwise_affine=True)
                    (dropout): Dropout(p=0.1, inplace=False)
                  )
                )
                (intermediate): BertIntermediate(
                  (dense): Linear(in_features=768, out_features=3072, bias=True)
                )
                (output): BertOutput(
                  (dense): Linear(in_features=3072, out_features=768, bias=True)
                  (LayerNorm): LayerNorm((768,), eps=1e-12, elementwise_affine=True)
                  (dropout): Dropout(p=0.1, inplace=False)
                )
              )
              (8): BertLayerJit(
                (attention): BertAttentionJit(
                  (self): BertSelfAttentionJit(
                    (query): Linear(in_features=768, out_features=768, bias=True)
                    (key): Linear(in_features=768, out_features=768, bias=True)
                    (value): Linear(in_features=768, out_features=768, bias=True)
                    (dropout): Dropout(p=0.1, inplace=False)
                  )
                  (output): BertSelfOutput(
                    (dense): Linear(in_features=768, out_features=768, bias=True)
                    (LayerNorm): LayerNorm((768,), eps=1e-12, elementwise_affine=True)
                    (dropout): Dropout(p=0.1, inplace=False)
                  )
                )
                (intermediate): BertIntermediate(
                  (dense): Linear(in_features=768, out_features=3072, bias=True)
                )
                (output): BertOutput(
                  (dense): Linear(in_features=3072, out_features=768, bias=True)
                  (LayerNorm): LayerNorm((768,), eps=1e-12, elementwise_affine=True)
                  (dropout): Dropout(p=0.1, inplace=False)
                )
              )
              (9): BertLayerJit(
                (attention): BertAttentionJit(
                  (self): BertSelfAttentionJit(
                    (query): Linear(in_features=768, out_features=768, bias=True)
                    (key): Linear(in_features=768, out_features=768, bias=True)
                    (value): Linear(in_features=768, out_features=768, bias=True)
                    (dropout): Dropout(p=0.1, inplace=False)
                  )
                  (output): BertSelfOutput(
                    (dense): Linear(in_features=768, out_features=768, bias=True)
                    (LayerNorm): LayerNorm((768,), eps=1e-12, elementwise_affine=True)
                    (dropout): Dropout(p=0.1, inplace=False)
                  )
                )
                (intermediate): BertIntermediate(
                  (dense): Linear(in_features=768, out_features=3072, bias=True)
                )
                (output): BertOutput(
                  (dense): Linear(in_features=3072, out_features=768, bias=True)
                  (LayerNorm): LayerNorm((768,), eps=1e-12, elementwise_affine=True)
                  (dropout): Dropout(p=0.1, inplace=False)
                )
              )
              (10): BertLayerJit(
                (attention): BertAttentionJit(
                  (self): BertSelfAttentionJit(
                    (query): Linear(in_features=768, out_features=768, bias=True)
                    (key): Linear(in_features=768, out_features=768, bias=True)
                    (value): Linear(in_features=768, out_features=768, bias=True)
                    (dropout): Dropout(p=0.1, inplace=False)
                  )
                  (output): BertSelfOutput(
                    (dense): Linear(in_features=768, out_features=768, bias=True)
                    (LayerNorm): LayerNorm((768,), eps=1e-12, elementwise_affine=True)
                    (dropout): Dropout(p=0.1, inplace=False)
                  )
                )
                (intermediate): BertIntermediate(
                  (dense): Linear(in_features=768, out_features=3072, bias=True)
                )
                (output): BertOutput(
                  (dense): Linear(in_features=3072, out_features=768, bias=True)
                  (LayerNorm): LayerNorm((768,), eps=1e-12, elementwise_affine=True)
                  (dropout): Dropout(p=0.1, inplace=False)
                )
              )
              (11): BertLayerJit(
                (attention): BertAttentionJit(
                  (self): BertSelfAttentionJit(
                    (query): Linear(in_features=768, out_features=768, bias=True)
                    (key): Linear(in_features=768, out_features=768, bias=True)
                    (value): Linear(in_features=768, out_features=768, bias=True)
                    (dropout): Dropout(p=0.1, inplace=False)
                  )
                  (output): BertSelfOutput(
                    (dense): Linear(in_features=768, out_features=768, bias=True)
                    (LayerNorm): LayerNorm((768,), eps=1e-12, elementwise_affine=True)
                    (dropout): Dropout(p=0.1, inplace=False)
                  )
                )
                (intermediate): BertIntermediate(
                  (dense): Linear(in_features=768, out_features=3072, bias=True)
                )
                (output): BertOutput(
                  (dense): Linear(in_features=3072, out_features=768, bias=True)
                  (LayerNorm): LayerNorm((768,), eps=1e-12, elementwise_affine=True)
                  (dropout): Dropout(p=0.1, inplace=False)
                )
              )
            )
          )
          (pooler): BertPooler(
            (dense): Linear(in_features=768, out_features=768, bias=True)
            (activation): Tanh()
          )
        )
        (modal_encoder): ModalEmbeddings(
          (encoder): ResNet152ImageEncoder(
            (model): Sequential(
              (0): Conv2d(3, 64, kernel_size=(7, 7), stride=(2, 2), padding=(3, 3), bias=False)
              (1): BatchNorm2d(64, eps=1e-05, momentum=0.1, affine=True, track_running_stats=True)
              (2): ReLU(inplace=True)
              (3): MaxPool2d(kernel_size=3, stride=2, padding=1, dilation=1, ceil_mode=False)
              (4): Sequential(
                (0): Bottleneck(
                  (conv1): Conv2d(64, 64, kernel_size=(1, 1), stride=(1, 1), bias=False)
                  (bn1): BatchNorm2d(64, eps=1e-05, momentum=0.1, affine=True, track_running_stats=True)
                  (conv2): Conv2d(64, 64, kernel_size=(3, 3), stride=(1, 1), padding=(1, 1), bias=False)
                  (bn2): BatchNorm2d(64, eps=1e-05, momentum=0.1, affine=True, track_running_stats=True)
                  (conv3): Conv2d(64, 256, kernel_size=(1, 1), stride=(1, 1), bias=False)
                  (bn3): BatchNorm2d(256, eps=1e-05, momentum=0.1, affine=True, track_running_stats=True)
                  (relu): ReLU(inplace=True)
                  (downsample): Sequential(
                    (0): Conv2d(64, 256, kernel_size=(1, 1), stride=(1, 1), bias=False)
                    (1): BatchNorm2d(256, eps=1e-05, momentum=0.1, affine=True, track_running_stats=True)
                  )
                )
                (1): Bottleneck(
                  (conv1): Conv2d(256, 64, kernel_size=(1, 1), stride=(1, 1), bias=False)
                  (bn1): BatchNorm2d(64, eps=1e-05, momentum=0.1, affine=True, track_running_stats=True)
                  (conv2): Conv2d(64, 64, kernel_size=(3, 3), stride=(1, 1), padding=(1, 1), bias=False)
                  (bn2): BatchNorm2d(64, eps=1e-05, momentum=0.1, affine=True, track_running_stats=True)
                  (conv3): Conv2d(64, 256, kernel_size=(1, 1), stride=(1, 1), bias=False)
                  (bn3): BatchNorm2d(256, eps=1e-05, momentum=0.1, affine=True, track_running_stats=True)
                  (relu): ReLU(inplace=True)
                )
                (2): Bottleneck(
                  (conv1): Conv2d(256, 64, kernel_size=(1, 1), stride=(1, 1), bias=False)
                  (bn1): BatchNorm2d(64, eps=1e-05, momentum=0.1, affine=True, track_running_stats=True)
                  (conv2): Conv2d(64, 64, kernel_size=(3, 3), stride=(1, 1), padding=(1, 1), bias=False)
                  (bn2): BatchNorm2d(64, eps=1e-05, momentum=0.1, affine=True, track_running_stats=True)
                  (conv3): Conv2d(64, 256, kernel_size=(1, 1), stride=(1, 1), bias=False)
                  (bn3): BatchNorm2d(256, eps=1e-05, momentum=0.1, affine=True, track_running_stats=True)
                  (relu): ReLU(inplace=True)
                )
              )
              (5): Sequential(
                (0): Bottleneck(
                  (conv1): Conv2d(256, 128, kernel_size=(1, 1), stride=(1, 1), bias=False)
                  (bn1): BatchNorm2d(128, eps=1e-05, momentum=0.1, affine=True, track_running_stats=True)
                  (conv2): Conv2d(128, 128, kernel_size=(3, 3), stride=(2, 2), padding=(1, 1), bias=False)
                  (bn2): BatchNorm2d(128, eps=1e-05, momentum=0.1, affine=True, track_running_stats=True)
                  (conv3): Conv2d(128, 512, kernel_size=(1, 1), stride=(1, 1), bias=False)
                  (bn3): BatchNorm2d(512, eps=1e-05, momentum=0.1, affine=True, track_running_stats=True)
                  (relu): ReLU(inplace=True)
                  (downsample): Sequential(
                    (0): Conv2d(256, 512, kernel_size=(1, 1), stride=(2, 2), bias=False)
                    (1): BatchNorm2d(512, eps=1e-05, momentum=0.1, affine=True, track_running_stats=True)
                  )
                )
                (1): Bottleneck(
                  (conv1): Conv2d(512, 128, kernel_size=(1, 1), stride=(1, 1), bias=False)
                  (bn1): BatchNorm2d(128, eps=1e-05, momentum=0.1, affine=True, track_running_stats=True)
                  (conv2): Conv2d(128, 128, kernel_size=(3, 3), stride=(1, 1), padding=(1, 1), bias=False)
                  (bn2): BatchNorm2d(128, eps=1e-05, momentum=0.1, affine=True, track_running_stats=True)
                  (conv3): Conv2d(128, 512, kernel_size=(1, 1), stride=(1, 1), bias=False)
                  (bn3): BatchNorm2d(512, eps=1e-05, momentum=0.1, affine=True, track_running_stats=True)
                  (relu): ReLU(inplace=True)
                )
                (2): Bottleneck(
                  (conv1): Conv2d(512, 128, kernel_size=(1, 1), stride=(1, 1), bias=False)
                  (bn1): BatchNorm2d(128, eps=1e-05, momentum=0.1, affine=True, track_running_stats=True)
                  (conv2): Conv2d(128, 128, kernel_size=(3, 3), stride=(1, 1), padding=(1, 1), bias=False)
                  (bn2): BatchNorm2d(128, eps=1e-05, momentum=0.1, affine=True, track_running_stats=True)
                  (conv3): Conv2d(128, 512, kernel_size=(1, 1), stride=(1, 1), bias=False)
                  (bn3): BatchNorm2d(512, eps=1e-05, momentum=0.1, affine=True, track_running_stats=True)
                  (relu): ReLU(inplace=True)
                )
                (3): Bottleneck(
                  (conv1): Conv2d(512, 128, kernel_size=(1, 1), stride=(1, 1), bias=False)
                  (bn1): BatchNorm2d(128, eps=1e-05, momentum=0.1, affine=True, track_running_stats=True)
                  (conv2): Conv2d(128, 128, kernel_size=(3, 3), stride=(1, 1), padding=(1, 1), bias=False)
                  (bn2): BatchNorm2d(128, eps=1e-05, momentum=0.1, affine=True, track_running_stats=True)
                  (conv3): Conv2d(128, 512, kernel_size=(1, 1), stride=(1, 1), bias=False)
                  (bn3): BatchNorm2d(512, eps=1e-05, momentum=0.1, affine=True, track_running_stats=True)
                  (relu): ReLU(inplace=True)
                )
                (4): Bottleneck(
                  (conv1): Conv2d(512, 128, kernel_size=(1, 1), stride=(1, 1), bias=False)
                  (bn1): BatchNorm2d(128, eps=1e-05, momentum=0.1, affine=True, track_running_stats=True)
                  (conv2): Conv2d(128, 128, kernel_size=(3, 3), stride=(1, 1), padding=(1, 1), bias=False)
                  (bn2): BatchNorm2d(128, eps=1e-05, momentum=0.1, affine=True, track_running_stats=True)
                  (conv3): Conv2d(128, 512, kernel_size=(1, 1), stride=(1, 1), bias=False)
                  (bn3): BatchNorm2d(512, eps=1e-05, momentum=0.1, affine=True, track_running_stats=True)
                  (relu): ReLU(inplace=True)
                )
                (5): Bottleneck(
                  (conv1): Conv2d(512, 128, kernel_size=(1, 1), stride=(1, 1), bias=False)
                  (bn1): BatchNorm2d(128, eps=1e-05, momentum=0.1, affine=True, track_running_stats=True)
                  (conv2): Conv2d(128, 128, kernel_size=(3, 3), stride=(1, 1), padding=(1, 1), bias=False)
                  (bn2): BatchNorm2d(128, eps=1e-05, momentum=0.1, affine=True, track_running_stats=True)
                  (conv3): Conv2d(128, 512, kernel_size=(1, 1), stride=(1, 1), bias=False)
                  (bn3): BatchNorm2d(512, eps=1e-05, momentum=0.1, affine=True, track_running_stats=True)
                  (relu): ReLU(inplace=True)
                )
                (6): Bottleneck(
                  (conv1): Conv2d(512, 128, kernel_size=(1, 1), stride=(1, 1), bias=False)
                  (bn1): BatchNorm2d(128, eps=1e-05, momentum=0.1, affine=True, track_running_stats=True)
                  (conv2): Conv2d(128, 128, kernel_size=(3, 3), stride=(1, 1), padding=(1, 1), bias=False)
                  (bn2): BatchNorm2d(128, eps=1e-05, momentum=0.1, affine=True, track_running_stats=True)
                  (conv3): Conv2d(128, 512, kernel_size=(1, 1), stride=(1, 1), bias=False)
                  (bn3): BatchNorm2d(512, eps=1e-05, momentum=0.1, affine=True, track_running_stats=True)
                  (relu): ReLU(inplace=True)
                )
                (7): Bottleneck(
                  (conv1): Conv2d(512, 128, kernel_size=(1, 1), stride=(1, 1), bias=False)
                  (bn1): BatchNorm2d(128, eps=1e-05, momentum=0.1, affine=True, track_running_stats=True)
                  (conv2): Conv2d(128, 128, kernel_size=(3, 3), stride=(1, 1), padding=(1, 1), bias=False)
                  (bn2): BatchNorm2d(128, eps=1e-05, momentum=0.1, affine=True, track_running_stats=True)
                  (conv3): Conv2d(128, 512, kernel_size=(1, 1), stride=(1, 1), bias=False)
                  (bn3): BatchNorm2d(512, eps=1e-05, momentum=0.1, affine=True, track_running_stats=True)
                  (relu): ReLU(inplace=True)
                )
              )
              (6): Sequential(
                (0): Bottleneck(
                  (conv1): Conv2d(512, 256, kernel_size=(1, 1), stride=(1, 1), bias=False)
                  (bn1): BatchNorm2d(256, eps=1e-05, momentum=0.1, affine=True, track_running_stats=True)
                  (conv2): Conv2d(256, 256, kernel_size=(3, 3), stride=(2, 2), padding=(1, 1), bias=False)
                  (bn2): BatchNorm2d(256, eps=1e-05, momentum=0.1, affine=True, track_running_stats=True)
                  (conv3): Conv2d(256, 1024, kernel_size=(1, 1), stride=(1, 1), bias=False)
                  (bn3): BatchNorm2d(1024, eps=1e-05, momentum=0.1, affine=True, track_running_stats=True)
                  (relu): ReLU(inplace=True)
                  (downsample): Sequential(
                    (0): Conv2d(512, 1024, kernel_size=(1, 1), stride=(2, 2), bias=False)
                    (1): BatchNorm2d(1024, eps=1e-05, momentum=0.1, affine=True, track_running_stats=True)
                  )
                )
                (1): Bottleneck(
                  (conv1): Conv2d(1024, 256, kernel_size=(1, 1), stride=(1, 1), bias=False)
                  (bn1): BatchNorm2d(256, eps=1e-05, momentum=0.1, affine=True, track_running_stats=True)
                  (conv2): Conv2d(256, 256, kernel_size=(3, 3), stride=(1, 1), padding=(1, 1), bias=False)
                  (bn2): BatchNorm2d(256, eps=1e-05, momentum=0.1, affine=True, track_running_stats=True)
                  (conv3): Conv2d(256, 1024, kernel_size=(1, 1), stride=(1, 1), bias=False)
                  (bn3): BatchNorm2d(1024, eps=1e-05, momentum=0.1, affine=True, track_running_stats=True)
                  (relu): ReLU(inplace=True)
                )
                (2): Bottleneck(
                  (conv1): Conv2d(1024, 256, kernel_size=(1, 1), stride=(1, 1), bias=False)
                  (bn1): BatchNorm2d(256, eps=1e-05, momentum=0.1, affine=True, track_running_stats=True)
                  (conv2): Conv2d(256, 256, kernel_size=(3, 3), stride=(1, 1), padding=(1, 1), bias=False)
                  (bn2): BatchNorm2d(256, eps=1e-05, momentum=0.1, affine=True, track_running_stats=True)
                  (conv3): Conv2d(256, 1024, kernel_size=(1, 1), stride=(1, 1), bias=False)
                  (bn3): BatchNorm2d(1024, eps=1e-05, momentum=0.1, affine=True, track_running_stats=True)
                  (relu): ReLU(inplace=True)
                )
                (3): Bottleneck(
                  (conv1): Conv2d(1024, 256, kernel_size=(1, 1), stride=(1, 1), bias=False)
                  (bn1): BatchNorm2d(256, eps=1e-05, momentum=0.1, affine=True, track_running_stats=True)
                  (conv2): Conv2d(256, 256, kernel_size=(3, 3), stride=(1, 1), padding=(1, 1), bias=False)
                  (bn2): BatchNorm2d(256, eps=1e-05, momentum=0.1, affine=True, track_running_stats=True)
                  (conv3): Conv2d(256, 1024, kernel_size=(1, 1), stride=(1, 1), bias=False)
                  (bn3): BatchNorm2d(1024, eps=1e-05, momentum=0.1, affine=True, track_running_stats=True)
                  (relu): ReLU(inplace=True)
                )
                (4): Bottleneck(
                  (conv1): Conv2d(1024, 256, kernel_size=(1, 1), stride=(1, 1), bias=False)
                  (bn1): BatchNorm2d(256, eps=1e-05, momentum=0.1, affine=True, track_running_stats=True)
                  (conv2): Conv2d(256, 256, kernel_size=(3, 3), stride=(1, 1), padding=(1, 1), bias=False)
                  (bn2): BatchNorm2d(256, eps=1e-05, momentum=0.1, affine=True, track_running_stats=True)
                  (conv3): Conv2d(256, 1024, kernel_size=(1, 1), stride=(1, 1), bias=False)
                  (bn3): BatchNorm2d(1024, eps=1e-05, momentum=0.1, affine=True, track_running_stats=True)
                  (relu): ReLU(inplace=True)
                )
                (5): Bottleneck(
                  (conv1): Conv2d(1024, 256, kernel_size=(1, 1), stride=(1, 1), bias=False)
                  (bn1): BatchNorm2d(256, eps=1e-05, momentum=0.1, affine=True, track_running_stats=True)
                  (conv2): Conv2d(256, 256, kernel_size=(3, 3), stride=(1, 1), padding=(1, 1), bias=False)
                  (bn2): BatchNorm2d(256, eps=1e-05, momentum=0.1, affine=True, track_running_stats=True)
                  (conv3): Conv2d(256, 1024, kernel_size=(1, 1), stride=(1, 1), bias=False)
                  (bn3): BatchNorm2d(1024, eps=1e-05, momentum=0.1, affine=True, track_running_stats=True)
                  (relu): ReLU(inplace=True)
                )
                (6): Bottleneck(
                  (conv1): Conv2d(1024, 256, kernel_size=(1, 1), stride=(1, 1), bias=False)
                  (bn1): BatchNorm2d(256, eps=1e-05, momentum=0.1, affine=True, track_running_stats=True)
                  (conv2): Conv2d(256, 256, kernel_size=(3, 3), stride=(1, 1), padding=(1, 1), bias=False)
                  (bn2): BatchNorm2d(256, eps=1e-05, momentum=0.1, affine=True, track_running_stats=True)
                  (conv3): Conv2d(256, 1024, kernel_size=(1, 1), stride=(1, 1), bias=False)
                  (bn3): BatchNorm2d(1024, eps=1e-05, momentum=0.1, affine=True, track_running_stats=True)
                  (relu): ReLU(inplace=True)
                )
                (7): Bottleneck(
                  (conv1): Conv2d(1024, 256, kernel_size=(1, 1), stride=(1, 1), bias=False)
                  (bn1): BatchNorm2d(256, eps=1e-05, momentum=0.1, affine=True, track_running_stats=True)
                  (conv2): Conv2d(256, 256, kernel_size=(3, 3), stride=(1, 1), padding=(1, 1), bias=False)
                  (bn2): BatchNorm2d(256, eps=1e-05, momentum=0.1, affine=True, track_running_stats=True)
                  (conv3): Conv2d(256, 1024, kernel_size=(1, 1), stride=(1, 1), bias=False)
                  (bn3): BatchNorm2d(1024, eps=1e-05, momentum=0.1, affine=True, track_running_stats=True)
                  (relu): ReLU(inplace=True)
                )
                (8): Bottleneck(
                  (conv1): Conv2d(1024, 256, kernel_size=(1, 1), stride=(1, 1), bias=False)
                  (bn1): BatchNorm2d(256, eps=1e-05, momentum=0.1, affine=True, track_running_stats=True)
                  (conv2): Conv2d(256, 256, kernel_size=(3, 3), stride=(1, 1), padding=(1, 1), bias=False)
                  (bn2): BatchNorm2d(256, eps=1e-05, momentum=0.1, affine=True, track_running_stats=True)
                  (conv3): Conv2d(256, 1024, kernel_size=(1, 1), stride=(1, 1), bias=False)
                  (bn3): BatchNorm2d(1024, eps=1e-05, momentum=0.1, affine=True, track_running_stats=True)
                  (relu): ReLU(inplace=True)
                )
                (9): Bottleneck(
                  (conv1): Conv2d(1024, 256, kernel_size=(1, 1), stride=(1, 1), bias=False)
                  (bn1): BatchNorm2d(256, eps=1e-05, momentum=0.1, affine=True, track_running_stats=True)
                  (conv2): Conv2d(256, 256, kernel_size=(3, 3), stride=(1, 1), padding=(1, 1), bias=False)
                  (bn2): BatchNorm2d(256, eps=1e-05, momentum=0.1, affine=True, track_running_stats=True)
                  (conv3): Conv2d(256, 1024, kernel_size=(1, 1), stride=(1, 1), bias=False)
                  (bn3): BatchNorm2d(1024, eps=1e-05, momentum=0.1, affine=True, track_running_stats=True)
                  (relu): ReLU(inplace=True)
                )
                (10): Bottleneck(
                  (conv1): Conv2d(1024, 256, kernel_size=(1, 1), stride=(1, 1), bias=False)
                  (bn1): BatchNorm2d(256, eps=1e-05, momentum=0.1, affine=True, track_running_stats=True)
                  (conv2): Conv2d(256, 256, kernel_size=(3, 3), stride=(1, 1), padding=(1, 1), bias=False)
                  (bn2): BatchNorm2d(256, eps=1e-05, momentum=0.1, affine=True, track_running_stats=True)
                  (conv3): Conv2d(256, 1024, kernel_size=(1, 1), stride=(1, 1), bias=False)
                  (bn3): BatchNorm2d(1024, eps=1e-05, momentum=0.1, affine=True, track_running_stats=True)
                  (relu): ReLU(inplace=True)
                )
                (11): Bottleneck(
                  (conv1): Conv2d(1024, 256, kernel_size=(1, 1), stride=(1, 1), bias=False)
                  (bn1): BatchNorm2d(256, eps=1e-05, momentum=0.1, affine=True, track_running_stats=True)
                  (conv2): Conv2d(256, 256, kernel_size=(3, 3), stride=(1, 1), padding=(1, 1), bias=False)
                  (bn2): BatchNorm2d(256, eps=1e-05, momentum=0.1, affine=True, track_running_stats=True)
                  (conv3): Conv2d(256, 1024, kernel_size=(1, 1), stride=(1, 1), bias=False)
                  (bn3): BatchNorm2d(1024, eps=1e-05, momentum=0.1, affine=True, track_running_stats=True)
                  (relu): ReLU(inplace=True)
                )
                (12): Bottleneck(
                  (conv1): Conv2d(1024, 256, kernel_size=(1, 1), stride=(1, 1), bias=False)
                  (bn1): BatchNorm2d(256, eps=1e-05, momentum=0.1, affine=True, track_running_stats=True)
                  (conv2): Conv2d(256, 256, kernel_size=(3, 3), stride=(1, 1), padding=(1, 1), bias=False)
                  (bn2): BatchNorm2d(256, eps=1e-05, momentum=0.1, affine=True, track_running_stats=True)
                  (conv3): Conv2d(256, 1024, kernel_size=(1, 1), stride=(1, 1), bias=False)
                  (bn3): BatchNorm2d(1024, eps=1e-05, momentum=0.1, affine=True, track_running_stats=True)
                  (relu): ReLU(inplace=True)
                )
                (13): Bottleneck(
                  (conv1): Conv2d(1024, 256, kernel_size=(1, 1), stride=(1, 1), bias=False)
                  (bn1): BatchNorm2d(256, eps=1e-05, momentum=0.1, affine=True, track_running_stats=True)
                  (conv2): Conv2d(256, 256, kernel_size=(3, 3), stride=(1, 1), padding=(1, 1), bias=False)
                  (bn2): BatchNorm2d(256, eps=1e-05, momentum=0.1, affine=True, track_running_stats=True)
                  (conv3): Conv2d(256, 1024, kernel_size=(1, 1), stride=(1, 1), bias=False)
                  (bn3): BatchNorm2d(1024, eps=1e-05, momentum=0.1, affine=True, track_running_stats=True)
                  (relu): ReLU(inplace=True)
                )
                (14): Bottleneck(
                  (conv1): Conv2d(1024, 256, kernel_size=(1, 1), stride=(1, 1), bias=False)
                  (bn1): BatchNorm2d(256, eps=1e-05, momentum=0.1, affine=True, track_running_stats=True)
                  (conv2): Conv2d(256, 256, kernel_size=(3, 3), stride=(1, 1), padding=(1, 1), bias=False)
                  (bn2): BatchNorm2d(256, eps=1e-05, momentum=0.1, affine=True, track_running_stats=True)
                  (conv3): Conv2d(256, 1024, kernel_size=(1, 1), stride=(1, 1), bias=False)
                  (bn3): BatchNorm2d(1024, eps=1e-05, momentum=0.1, affine=True, track_running_stats=True)
                  (relu): ReLU(inplace=True)
                )
                (15): Bottleneck(
                  (conv1): Conv2d(1024, 256, kernel_size=(1, 1), stride=(1, 1), bias=False)
                  (bn1): BatchNorm2d(256, eps=1e-05, momentum=0.1, affine=True, track_running_stats=True)
                  (conv2): Conv2d(256, 256, kernel_size=(3, 3), stride=(1, 1), padding=(1, 1), bias=False)
                  (bn2): BatchNorm2d(256, eps=1e-05, momentum=0.1, affine=True, track_running_stats=True)
                  (conv3): Conv2d(256, 1024, kernel_size=(1, 1), stride=(1, 1), bias=False)
                  (bn3): BatchNorm2d(1024, eps=1e-05, momentum=0.1, affine=True, track_running_stats=True)
                  (relu): ReLU(inplace=True)
                )
                (16): Bottleneck(
                  (conv1): Conv2d(1024, 256, kernel_size=(1, 1), stride=(1, 1), bias=False)
                  (bn1): BatchNorm2d(256, eps=1e-05, momentum=0.1, affine=True, track_running_stats=True)
                  (conv2): Conv2d(256, 256, kernel_size=(3, 3), stride=(1, 1), padding=(1, 1), bias=False)
                  (bn2): BatchNorm2d(256, eps=1e-05, momentum=0.1, affine=True, track_running_stats=True)
                  (conv3): Conv2d(256, 1024, kernel_size=(1, 1), stride=(1, 1), bias=False)
                  (bn3): BatchNorm2d(1024, eps=1e-05, momentum=0.1, affine=True, track_running_stats=True)
                  (relu): ReLU(inplace=True)
                )
                (17): Bottleneck(
                  (conv1): Conv2d(1024, 256, kernel_size=(1, 1), stride=(1, 1), bias=False)
                  (bn1): BatchNorm2d(256, eps=1e-05, momentum=0.1, affine=True, track_running_stats=True)
                  (conv2): Conv2d(256, 256, kernel_size=(3, 3), stride=(1, 1), padding=(1, 1), bias=False)
                  (bn2): BatchNorm2d(256, eps=1e-05, momentum=0.1, affine=True, track_running_stats=True)
                  (conv3): Conv2d(256, 1024, kernel_size=(1, 1), stride=(1, 1), bias=False)
                  (bn3): BatchNorm2d(1024, eps=1e-05, momentum=0.1, affine=True, track_running_stats=True)
                  (relu): ReLU(inplace=True)
                )
                (18): Bottleneck(
                  (conv1): Conv2d(1024, 256, kernel_size=(1, 1), stride=(1, 1), bias=False)
                  (bn1): BatchNorm2d(256, eps=1e-05, momentum=0.1, affine=True, track_running_stats=True)
                  (conv2): Conv2d(256, 256, kernel_size=(3, 3), stride=(1, 1), padding=(1, 1), bias=False)
                  (bn2): BatchNorm2d(256, eps=1e-05, momentum=0.1, affine=True, track_running_stats=True)
                  (conv3): Conv2d(256, 1024, kernel_size=(1, 1), stride=(1, 1), bias=False)
                  (bn3): BatchNorm2d(1024, eps=1e-05, momentum=0.1, affine=True, track_running_stats=True)
                  (relu): ReLU(inplace=True)
                )
                (19): Bottleneck(
                  (conv1): Conv2d(1024, 256, kernel_size=(1, 1), stride=(1, 1), bias=False)
                  (bn1): BatchNorm2d(256, eps=1e-05, momentum=0.1, affine=True, track_running_stats=True)
                  (conv2): Conv2d(256, 256, kernel_size=(3, 3), stride=(1, 1), padding=(1, 1), bias=False)
                  (bn2): BatchNorm2d(256, eps=1e-05, momentum=0.1, affine=True, track_running_stats=True)
                  (conv3): Conv2d(256, 1024, kernel_size=(1, 1), stride=(1, 1), bias=False)
                  (bn3): BatchNorm2d(1024, eps=1e-05, momentum=0.1, affine=True, track_running_stats=True)
                  (relu): ReLU(inplace=True)
                )
                (20): Bottleneck(
                  (conv1): Conv2d(1024, 256, kernel_size=(1, 1), stride=(1, 1), bias=False)
                  (bn1): BatchNorm2d(256, eps=1e-05, momentum=0.1, affine=True, track_running_stats=True)
                  (conv2): Conv2d(256, 256, kernel_size=(3, 3), stride=(1, 1), padding=(1, 1), bias=False)
                  (bn2): BatchNorm2d(256, eps=1e-05, momentum=0.1, affine=True, track_running_stats=True)
                  (conv3): Conv2d(256, 1024, kernel_size=(1, 1), stride=(1, 1), bias=False)
                  (bn3): BatchNorm2d(1024, eps=1e-05, momentum=0.1, affine=True, track_running_stats=True)
                  (relu): ReLU(inplace=True)
                )
                (21): Bottleneck(
                  (conv1): Conv2d(1024, 256, kernel_size=(1, 1), stride=(1, 1), bias=False)
                  (bn1): BatchNorm2d(256, eps=1e-05, momentum=0.1, affine=True, track_running_stats=True)
                  (conv2): Conv2d(256, 256, kernel_size=(3, 3), stride=(1, 1), padding=(1, 1), bias=False)
                  (bn2): BatchNorm2d(256, eps=1e-05, momentum=0.1, affine=True, track_running_stats=True)
                  (conv3): Conv2d(256, 1024, kernel_size=(1, 1), stride=(1, 1), bias=False)
                  (bn3): BatchNorm2d(1024, eps=1e-05, momentum=0.1, affine=True, track_running_stats=True)
                  (relu): ReLU(inplace=True)
                )
                (22): Bottleneck(
                  (conv1): Conv2d(1024, 256, kernel_size=(1, 1), stride=(1, 1), bias=False)
                  (bn1): BatchNorm2d(256, eps=1e-05, momentum=0.1, affine=True, track_running_stats=True)
                  (conv2): Conv2d(256, 256, kernel_size=(3, 3), stride=(1, 1), padding=(1, 1), bias=False)
                  (bn2): BatchNorm2d(256, eps=1e-05, momentum=0.1, affine=True, track_running_stats=True)
                  (conv3): Conv2d(256, 1024, kernel_size=(1, 1), stride=(1, 1), bias=False)
                  (bn3): BatchNorm2d(1024, eps=1e-05, momentum=0.1, affine=True, track_running_stats=True)
                  (relu): ReLU(inplace=True)
                )
                (23): Bottleneck(
                  (conv1): Conv2d(1024, 256, kernel_size=(1, 1), stride=(1, 1), bias=False)
                  (bn1): BatchNorm2d(256, eps=1e-05, momentum=0.1, affine=True, track_running_stats=True)
                  (conv2): Conv2d(256, 256, kernel_size=(3, 3), stride=(1, 1), padding=(1, 1), bias=False)
                  (bn2): BatchNorm2d(256, eps=1e-05, momentum=0.1, affine=True, track_running_stats=True)
                  (conv3): Conv2d(256, 1024, kernel_size=(1, 1), stride=(1, 1), bias=False)
                  (bn3): BatchNorm2d(1024, eps=1e-05, momentum=0.1, affine=True, track_running_stats=True)
                  (relu): ReLU(inplace=True)
                )
                (24): Bottleneck(
                  (conv1): Conv2d(1024, 256, kernel_size=(1, 1), stride=(1, 1), bias=False)
                  (bn1): BatchNorm2d(256, eps=1e-05, momentum=0.1, affine=True, track_running_stats=True)
                  (conv2): Conv2d(256, 256, kernel_size=(3, 3), stride=(1, 1), padding=(1, 1), bias=False)
                  (bn2): BatchNorm2d(256, eps=1e-05, momentum=0.1, affine=True, track_running_stats=True)
                  (conv3): Conv2d(256, 1024, kernel_size=(1, 1), stride=(1, 1), bias=False)
                  (bn3): BatchNorm2d(1024, eps=1e-05, momentum=0.1, affine=True, track_running_stats=True)
                  (relu): ReLU(inplace=True)
                )
                (25): Bottleneck(
                  (conv1): Conv2d(1024, 256, kernel_size=(1, 1), stride=(1, 1), bias=False)
                  (bn1): BatchNorm2d(256, eps=1e-05, momentum=0.1, affine=True, track_running_stats=True)
                  (conv2): Conv2d(256, 256, kernel_size=(3, 3), stride=(1, 1), padding=(1, 1), bias=False)
                  (bn2): BatchNorm2d(256, eps=1e-05, momentum=0.1, affine=True, track_running_stats=True)
                  (conv3): Conv2d(256, 1024, kernel_size=(1, 1), stride=(1, 1), bias=False)
                  (bn3): BatchNorm2d(1024, eps=1e-05, momentum=0.1, affine=True, track_running_stats=True)
                  (relu): ReLU(inplace=True)
                )
                (26): Bottleneck(
                  (conv1): Conv2d(1024, 256, kernel_size=(1, 1), stride=(1, 1), bias=False)
                  (bn1): BatchNorm2d(256, eps=1e-05, momentum=0.1, affine=True, track_running_stats=True)
                  (conv2): Conv2d(256, 256, kernel_size=(3, 3), stride=(1, 1), padding=(1, 1), bias=False)
                  (bn2): BatchNorm2d(256, eps=1e-05, momentum=0.1, affine=True, track_running_stats=True)
                  (conv3): Conv2d(256, 1024, kernel_size=(1, 1), stride=(1, 1), bias=False)
                  (bn3): BatchNorm2d(1024, eps=1e-05, momentum=0.1, affine=True, track_running_stats=True)
                  (relu): ReLU(inplace=True)
                )
                (27): Bottleneck(
                  (conv1): Conv2d(1024, 256, kernel_size=(1, 1), stride=(1, 1), bias=False)
                  (bn1): BatchNorm2d(256, eps=1e-05, momentum=0.1, affine=True, track_running_stats=True)
                  (conv2): Conv2d(256, 256, kernel_size=(3, 3), stride=(1, 1), padding=(1, 1), bias=False)
                  (bn2): BatchNorm2d(256, eps=1e-05, momentum=0.1, affine=True, track_running_stats=True)
                  (conv3): Conv2d(256, 1024, kernel_size=(1, 1), stride=(1, 1), bias=False)
                  (bn3): BatchNorm2d(1024, eps=1e-05, momentum=0.1, affine=True, track_running_stats=True)
                  (relu): ReLU(inplace=True)
                )
                (28): Bottleneck(
                  (conv1): Conv2d(1024, 256, kernel_size=(1, 1), stride=(1, 1), bias=False)
                  (bn1): BatchNorm2d(256, eps=1e-05, momentum=0.1, affine=True, track_running_stats=True)
                  (conv2): Conv2d(256, 256, kernel_size=(3, 3), stride=(1, 1), padding=(1, 1), bias=False)
                  (bn2): BatchNorm2d(256, eps=1e-05, momentum=0.1, affine=True, track_running_stats=True)
                  (conv3): Conv2d(256, 1024, kernel_size=(1, 1), stride=(1, 1), bias=False)
                  (bn3): BatchNorm2d(1024, eps=1e-05, momentum=0.1, affine=True, track_running_stats=True)
                  (relu): ReLU(inplace=True)
                )
                (29): Bottleneck(
                  (conv1): Conv2d(1024, 256, kernel_size=(1, 1), stride=(1, 1), bias=False)
                  (bn1): BatchNorm2d(256, eps=1e-05, momentum=0.1, affine=True, track_running_stats=True)
                  (conv2): Conv2d(256, 256, kernel_size=(3, 3), stride=(1, 1), padding=(1, 1), bias=False)
                  (bn2): BatchNorm2d(256, eps=1e-05, momentum=0.1, affine=True, track_running_stats=True)
                  (conv3): Conv2d(256, 1024, kernel_size=(1, 1), stride=(1, 1), bias=False)
                  (bn3): BatchNorm2d(1024, eps=1e-05, momentum=0.1, affine=True, track_running_stats=True)
                  (relu): ReLU(inplace=True)
                )
                (30): Bottleneck(
                  (conv1): Conv2d(1024, 256, kernel_size=(1, 1), stride=(1, 1), bias=False)
                  (bn1): BatchNorm2d(256, eps=1e-05, momentum=0.1, affine=True, track_running_stats=True)
                  (conv2): Conv2d(256, 256, kernel_size=(3, 3), stride=(1, 1), padding=(1, 1), bias=False)
                  (bn2): BatchNorm2d(256, eps=1e-05, momentum=0.1, affine=True, track_running_stats=True)
                  (conv3): Conv2d(256, 1024, kernel_size=(1, 1), stride=(1, 1), bias=False)
                  (bn3): BatchNorm2d(1024, eps=1e-05, momentum=0.1, affine=True, track_running_stats=True)
                  (relu): ReLU(inplace=True)
                )
                (31): Bottleneck(
                  (conv1): Conv2d(1024, 256, kernel_size=(1, 1), stride=(1, 1), bias=False)
                  (bn1): BatchNorm2d(256, eps=1e-05, momentum=0.1, affine=True, track_running_stats=True)
                  (conv2): Conv2d(256, 256, kernel_size=(3, 3), stride=(1, 1), padding=(1, 1), bias=False)
                  (bn2): BatchNorm2d(256, eps=1e-05, momentum=0.1, affine=True, track_running_stats=True)
                  (conv3): Conv2d(256, 1024, kernel_size=(1, 1), stride=(1, 1), bias=False)
                  (bn3): BatchNorm2d(1024, eps=1e-05, momentum=0.1, affine=True, track_running_stats=True)
                  (relu): ReLU(inplace=True)
                )
                (32): Bottleneck(
                  (conv1): Conv2d(1024, 256, kernel_size=(1, 1), stride=(1, 1), bias=False)
                  (bn1): BatchNorm2d(256, eps=1e-05, momentum=0.1, affine=True, track_running_stats=True)
                  (conv2): Conv2d(256, 256, kernel_size=(3, 3), stride=(1, 1), padding=(1, 1), bias=False)
                  (bn2): BatchNorm2d(256, eps=1e-05, momentum=0.1, affine=True, track_running_stats=True)
                  (conv3): Conv2d(256, 1024, kernel_size=(1, 1), stride=(1, 1), bias=False)
                  (bn3): BatchNorm2d(1024, eps=1e-05, momentum=0.1, affine=True, track_running_stats=True)
                  (relu): ReLU(inplace=True)
                )
                (33): Bottleneck(
                  (conv1): Conv2d(1024, 256, kernel_size=(1, 1), stride=(1, 1), bias=False)
                  (bn1): BatchNorm2d(256, eps=1e-05, momentum=0.1, affine=True, track_running_stats=True)
                  (conv2): Conv2d(256, 256, kernel_size=(3, 3), stride=(1, 1), padding=(1, 1), bias=False)
                  (bn2): BatchNorm2d(256, eps=1e-05, momentum=0.1, affine=True, track_running_stats=True)
                  (conv3): Conv2d(256, 1024, kernel_size=(1, 1), stride=(1, 1), bias=False)
                  (bn3): BatchNorm2d(1024, eps=1e-05, momentum=0.1, affine=True, track_running_stats=True)
                  (relu): ReLU(inplace=True)
                )
                (34): Bottleneck(
                  (conv1): Conv2d(1024, 256, kernel_size=(1, 1), stride=(1, 1), bias=False)
                  (bn1): BatchNorm2d(256, eps=1e-05, momentum=0.1, affine=True, track_running_stats=True)
                  (conv2): Conv2d(256, 256, kernel_size=(3, 3), stride=(1, 1), padding=(1, 1), bias=False)
                  (bn2): BatchNorm2d(256, eps=1e-05, momentum=0.1, affine=True, track_running_stats=True)
                  (conv3): Conv2d(256, 1024, kernel_size=(1, 1), stride=(1, 1), bias=False)
                  (bn3): BatchNorm2d(1024, eps=1e-05, momentum=0.1, affine=True, track_running_stats=True)
                  (relu): ReLU(inplace=True)
                )
                (35): Bottleneck(
                  (conv1): Conv2d(1024, 256, kernel_size=(1, 1), stride=(1, 1), bias=False)
                  (bn1): BatchNorm2d(256, eps=1e-05, momentum=0.1, affine=True, track_running_stats=True)
                  (conv2): Conv2d(256, 256, kernel_size=(3, 3), stride=(1, 1), padding=(1, 1), bias=False)
                  (bn2): BatchNorm2d(256, eps=1e-05, momentum=0.1, affine=True, track_running_stats=True)
                  (conv3): Conv2d(256, 1024, kernel_size=(1, 1), stride=(1, 1), bias=False)
                  (bn3): BatchNorm2d(1024, eps=1e-05, momentum=0.1, affine=True, track_running_stats=True)
                  (relu): ReLU(inplace=True)
                )
              )
              (7): Sequential(
                (0): Bottleneck(
                  (conv1): Conv2d(1024, 512, kernel_size=(1, 1), stride=(1, 1), bias=False)
                  (bn1): BatchNorm2d(512, eps=1e-05, momentum=0.1, affine=True, track_running_stats=True)
                  (conv2): Conv2d(512, 512, kernel_size=(3, 3), stride=(2, 2), padding=(1, 1), bias=False)
                  (bn2): BatchNorm2d(512, eps=1e-05, momentum=0.1, affine=True, track_running_stats=True)
                  (conv3): Conv2d(512, 2048, kernel_size=(1, 1), stride=(1, 1), bias=False)
                  (bn3): BatchNorm2d(2048, eps=1e-05, momentum=0.1, affine=True, track_running_stats=True)
                  (relu): ReLU(inplace=True)
                  (downsample): Sequential(
                    (0): Conv2d(1024, 2048, kernel_size=(1, 1), stride=(2, 2), bias=False)
                    (1): BatchNorm2d(2048, eps=1e-05, momentum=0.1, affine=True, track_running_stats=True)
                  )
                )
                (1): Bottleneck(
                  (conv1): Conv2d(2048, 512, kernel_size=(1, 1), stride=(1, 1), bias=False)
                  (bn1): BatchNorm2d(512, eps=1e-05, momentum=0.1, affine=True, track_running_stats=True)
                  (conv2): Conv2d(512, 512, kernel_size=(3, 3), stride=(1, 1), padding=(1, 1), bias=False)
                  (bn2): BatchNorm2d(512, eps=1e-05, momentum=0.1, affine=True, track_running_stats=True)
                  (conv3): Conv2d(512, 2048, kernel_size=(1, 1), stride=(1, 1), bias=False)
                  (bn3): BatchNorm2d(2048, eps=1e-05, momentum=0.1, affine=True, track_running_stats=True)
                  (relu): ReLU(inplace=True)
                )
                (2): Bottleneck(
                  (conv1): Conv2d(2048, 512, kernel_size=(1, 1), stride=(1, 1), bias=False)
                  (bn1): BatchNorm2d(512, eps=1e-05, momentum=0.1, affine=True, track_running_stats=True)
                  (conv2): Conv2d(512, 512, kernel_size=(3, 3), stride=(1, 1), padding=(1, 1), bias=False)
                  (bn2): BatchNorm2d(512, eps=1e-05, momentum=0.1, affine=True, track_running_stats=True)
                  (conv3): Conv2d(512, 2048, kernel_size=(1, 1), stride=(1, 1), bias=False)
                  (bn3): BatchNorm2d(2048, eps=1e-05, momentum=0.1, affine=True, track_running_stats=True)
                  (relu): ReLU(inplace=True)
                )
              )
            )
            (pool): AdaptiveAvgPool2d(output_size=(1, 1))
          )
          (proj_embeddings): Linear(in_features=2048, out_features=768, bias=True)
          (position_embeddings): Embedding(512, 768)
          (token_type_embeddings): Embedding(2, 768)
          (word_embeddings): Embedding(30522, 768, padding_idx=0)
          (LayerNorm): LayerNorm((768,), eps=1e-12, elementwise_affine=True)
          (dropout): Dropout(p=0.1, inplace=False)
        )
      )
    )
    (dropout): Dropout(p=0.1, inplace=False)
    (classifier): Sequential(
      (0): BertPredictionHeadTransform(
        (dense): Linear(in_features=768, out_features=768, bias=True)
        (LayerNorm): LayerNorm((768,), eps=1e-12, elementwise_affine=True)
      )
      (1): Linear(in_features=768, out_features=2, bias=True)
    )
  )
  (losses): Losses(
    (losses): ModuleList(
      (0): MMFLoss(
        (loss_criterion): CrossEntropyLoss(
          (loss_fn): CrossEntropyLoss()
        )
      )
    )
  )
)
2021-07-12T18:52:44 | INFO | mmf.utils.general : Total Parameters: 169793346. Trained Parameters: 169793346
2021-07-12T18:52:44 | INFO | mmf.trainers.core.training_loop : Starting training...
2021-07-12T18:52:45 | WARNING | py.warnings : /home/roboticslab/miniconda3/envs/mmf/lib/python3.7/site-packages/torch/nn/functional.py:718: UserWarning: Named tensors and all their associated APIs are an experimental feature and subject to change. Please do not use them for anything important until they are released as stable. (Triggered internally at  /pytorch/c10/core/TensorImpl.h:1156.)
  return torch.max_pool2d(input, kernel_size, stride, padding, dilation, ceil_mode)

2021-07-12T18:52:45 | WARNING | py.warnings : /home/roboticslab/miniconda3/envs/mmf/lib/python3.7/site-packages/torch/nn/functional.py:718: UserWarning: Named tensors and all their associated APIs are an experimental feature and subject to change. Please do not use them for anything important until they are released as stable. (Triggered internally at  /pytorch/c10/core/TensorImpl.h:1156.)
  return torch.max_pool2d(input, kernel_size, stride, padding, dilation, ceil_mode)

2021-07-12T18:53:46 | INFO | mmf.trainers.callbacks.logistics : progress: 100/200, train/hateful_memes/cross_entropy: 0.7268, train/hateful_memes/cross_entropy/avg: 0.7268, train/total_loss: 0.7268, train/total_loss/avg: 0.7268, max mem: 11657.0, experiment: run, epoch: 1, num_updates: 100, iterations: 100, max_updates: 200, lr: 0., ups: 1.61, time: 01m 02s 265ms, time_since_start: 01m 02s 284ms, eta: 01m 03s 323ms
2021-07-12T18:54:49 | INFO | mmf.trainers.callbacks.logistics : progress: 200/200, train/hateful_memes/cross_entropy: 0.7224, train/hateful_memes/cross_entropy/avg: 0.7246, train/total_loss: 0.7224, train/total_loss/avg: 0.7246, max mem: 11657.0, experiment: run, epoch: 1, num_updates: 200, iterations: 200, max_updates: 200, lr: 0., ups: 1.61, time: 01m 02s 229ms, time_since_start: 02m 04s 513ms, eta: 0ms
2021-07-12T18:54:49 | INFO | mmf.trainers.core.training_loop : Stepping into final validation check
2021-07-12T18:54:49 | INFO | mmf.common.test_reporter : Predicting for hateful_memes
2021-07-12T18:54:52 | INFO | mmf.trainers.core.evaluation_loop : Finished training. Loaded 17
2021-07-12T18:54:52 | INFO | mmf.trainers.core.evaluation_loop :  -- skipped 0 batches.
2021-07-12T18:54:53 | INFO | mmf.trainers.callbacks.logistics : progress: 200/200, val/hateful_memes/cross_entropy: 0.6603, val/total_loss: 0.6603, val/hateful_memes/accuracy: 0.6315, val/hateful_memes/binary_f1: 0.0386, val/hateful_memes/roc_auc: 0.5285, num_updates: 200, epoch: 1, iterations: 200, max_updates: 200, val_time: 02m 08s 421ms, best_update: 0, best_iteration: 0, best_val/hateful_memes/roc_auc: -inf
2021-07-12T18:54:53 | INFO | mmf.utils.checkpoint : Restoring checkpoint
2021-07-12T18:54:53 | INFO | mmf.trainers.mmf_trainer : Starting inference on val set
2021-07-12T18:54:54 | INFO | mmf.common.test_reporter : Predicting for hateful_memes
2021-07-12T18:54:57 | INFO | mmf.trainers.core.evaluation_loop : Finished training. Loaded 17
2021-07-12T18:54:57 | INFO | mmf.trainers.core.evaluation_loop :  -- skipped 0 batches.
2021-07-12T18:54:57 | INFO | mmf.trainers.callbacks.logistics : progress: 200/200, val/hateful_memes/cross_entropy: 0.6603, val/total_loss: 0.6603, val/hateful_memes/accuracy: 0.6315, val/hateful_memes/binary_f1: 0.0386, val/hateful_memes/roc_auc: 0.5285
2021-07-12T18:54:57 | INFO | mmf.trainers.callbacks.logistics : Finished run in 02m 13s 327ms
